This is pdfTeX, Version 3.14159265-2.6-1.40.21 (TeX Live 2020) (preloaded format=pdflatex 2020.4.7)  25 AUG 2020 14:57
entering extended mode
 restricted \write18 enabled.
 %&-line parsing enabled.
**listdown-jss.tex
(./listdown-jss.tex
LaTeX2e <2020-02-02> patch level 5
L3 programming layer <2020-03-06> (./jss.cls
Document Class: jss 2015/09/01 3.0 jss class by Achim Zeileis
(/usr/local/texlive/2020/texmf-dist/tex/latex/base/article.cls
Document Class: article 2019/12/20 v1.4l Standard LaTeX document class
(/usr/local/texlive/2020/texmf-dist/tex/latex/base/size11.clo
File: size11.clo 2019/12/20 v1.4l Standard LaTeX file (size option)
)
\c@part=\count167
\c@section=\count168
\c@subsection=\count169
\c@subsubsection=\count170
\c@paragraph=\count171
\c@subparagraph=\count172
\c@figure=\count173
\c@table=\count174
\abovecaptionskip=\skip47
\belowcaptionskip=\skip48
\bibindent=\dimen134
) (/usr/local/texlive/2020/texmf-dist/tex/latex/graphics/graphicx.sty
Package: graphicx 2019/11/30 v1.2a Enhanced LaTeX Graphics (DPC,SPQR)
(/usr/local/texlive/2020/texmf-dist/tex/latex/graphics/keyval.sty
Package: keyval 2014/10/28 v1.15 key=value parser (DPC)
\KV@toks@=\toks15
) (/usr/local/texlive/2020/texmf-dist/tex/latex/graphics/graphics.sty
Package: graphics 2019/11/30 v1.4a Standard LaTeX Graphics (DPC,SPQR)
(/usr/local/texlive/2020/texmf-dist/tex/latex/graphics/trig.sty
Package: trig 2016/01/03 v1.10 sin cos tan (DPC)
) (/usr/local/texlive/2020/texmf-dist/tex/latex/graphics-cfg/graphics.cfg
File: graphics.cfg 2016/06/04 v1.11 sample graphics configuration
)
Package graphics Info: Driver file: pdftex.def on input line 105.
(/usr/local/texlive/2020/texmf-dist/tex/latex/graphics-def/pdftex.def
File: pdftex.def 2018/01/08 v1.0l Graphics/color driver for pdftex
))
\Gin@req@height=\dimen135
\Gin@req@width=\dimen136
) (/usr/local/texlive/2020/texmf-dist/tex/latex/graphics/color.sty
Package: color 2019/11/23 v1.2a Standard LaTeX Color (DPC)
(/usr/local/texlive/2020/texmf-dist/tex/latex/graphics-cfg/color.cfg
File: color.cfg 2016/01/02 v1.6 sample color configuration
)
Package color Info: Driver file: pdftex.def on input line 147.
) (/usr/local/texlive/2020/texmf-dist/tex/latex/ae/ae.sty
Package: ae 2001/02/12 1.3 Almost European Computer Modern
(/usr/local/texlive/2020/texmf-dist/tex/latex/base/fontenc.sty
Package: fontenc 2020/02/11 v2.0o Standard LaTeX package
)) (/usr/local/texlive/2020/texmf-dist/tex/latex/fancyvrb/fancyvrb.sty
Package: fancyvrb 2020/01/13 v3.5 verbatim text (tvz,hv)
\FV@CodeLineNo=\count175
\FV@InFile=\read2
\FV@TabBox=\box45
\c@FancyVerbLine=\count176
\FV@StepNumber=\count177
\FV@OutFile=\write3
) (/usr/local/texlive/2020/texmf-dist/tex/latex/base/fontenc.sty
Package: fontenc 2020/02/11 v2.0o Standard LaTeX package
LaTeX Font Info:    Trying to load font information for T1+aer on input line 11
2.
(/usr/local/texlive/2020/texmf-dist/tex/latex/ae/t1aer.fd
File: t1aer.fd 1997/11/16 Font definitions for T1/aer.
)) (/usr/local/texlive/2020/texmf-dist/tex/latex/upquote/upquote.sty
Package: upquote 2012/04/19 v1.3 upright-quote and grave-accent glyphs in verba
tim
(/usr/local/texlive/2020/texmf-dist/tex/latex/base/textcomp.sty
Package: textcomp 2020/02/02 v2.0n Standard LaTeX package
)) (/usr/local/texlive/2020/texmf-dist/tex/latex/natbib/natbib.sty
Package: natbib 2010/09/13 8.31b (PWD, AO)
\bibhang=\skip49
\bibsep=\skip50
LaTeX Info: Redefining \cite on input line 694.
\c@NAT@ctr=\count178
)
\footerskip=\skip51
(/usr/local/texlive/2020/texmf-dist/tex/latex/hyperref/hyperref.sty
Package: hyperref 2020/01/14 v7.00d Hypertext links for LaTeX
(/usr/local/texlive/2020/texmf-dist/tex/generic/ltxcmds/ltxcmds.sty
Package: ltxcmds 2019/12/15 v1.24 LaTeX kernel commands for general use (HO)
) (/usr/local/texlive/2020/texmf-dist/tex/generic/iftex/iftex.sty
Package: iftex 2020/03/06 v1.0d TeX engine tests
) (/usr/local/texlive/2020/texmf-dist/tex/latex/pdftexcmds/pdftexcmds.sty
Package: pdftexcmds 2019/11/24 v0.31 Utility functions of pdfTeX for LuaTeX (HO
)
(/usr/local/texlive/2020/texmf-dist/tex/generic/infwarerr/infwarerr.sty
Package: infwarerr 2019/12/03 v1.5 Providing info/warning/error messages (HO)
)
Package pdftexcmds Info: \pdf@primitive is available.
Package pdftexcmds Info: \pdf@ifprimitive is available.
Package pdftexcmds Info: \pdfdraftmode found.
) (/usr/local/texlive/2020/texmf-dist/tex/generic/kvsetkeys/kvsetkeys.sty
Package: kvsetkeys 2019/12/15 v1.18 Key value parser (HO)
) (/usr/local/texlive/2020/texmf-dist/tex/generic/kvdefinekeys/kvdefinekeys.sty
Package: kvdefinekeys 2019-12-19 v1.6 Define keys (HO)
) (/usr/local/texlive/2020/texmf-dist/tex/generic/pdfescape/pdfescape.sty
Package: pdfescape 2019/12/09 v1.15 Implements pdfTeX's escape features (HO)
) (/usr/local/texlive/2020/texmf-dist/tex/latex/hycolor/hycolor.sty
Package: hycolor 2020-01-27 v1.10 Color options for hyperref/bookmark (HO)
) (/usr/local/texlive/2020/texmf-dist/tex/latex/letltxmacro/letltxmacro.sty
Package: letltxmacro 2019/12/03 v1.6 Let assignment for LaTeX macros (HO)
) (/usr/local/texlive/2020/texmf-dist/tex/latex/auxhook/auxhook.sty
Package: auxhook 2019-12-17 v1.6 Hooks for auxiliary files (HO)
) (/usr/local/texlive/2020/texmf-dist/tex/latex/kvoptions/kvoptions.sty
Package: kvoptions 2019/11/29 v3.13 Key value format for package options (HO)
)
\@linkdim=\dimen137
\Hy@linkcounter=\count179
\Hy@pagecounter=\count180
(/usr/local/texlive/2020/texmf-dist/tex/latex/hyperref/pd1enc.def
File: pd1enc.def 2020/01/14 v7.00d Hyperref: PDFDocEncoding definition (HO)
Now handling font encoding PD1 ...
... no UTF-8 mapping file for font encoding PD1
) (/usr/local/texlive/2020/texmf-dist/tex/generic/intcalc/intcalc.sty
Package: intcalc 2019/12/15 v1.3 Expandable calculations with integers (HO)
) (/usr/local/texlive/2020/texmf-dist/tex/generic/etexcmds/etexcmds.sty
Package: etexcmds 2019/12/15 v1.7 Avoid name clashes with e-TeX commands (HO)
)
\Hy@SavedSpaceFactor=\count181
Package hyperref Info: Hyper figures OFF on input line 4547.
Package hyperref Info: Link nesting OFF on input line 4552.
Package hyperref Info: Hyper index ON on input line 4555.
Package hyperref Info: Plain pages OFF on input line 4562.
Package hyperref Info: Backreferencing OFF on input line 4567.
Package hyperref Info: Implicit mode ON; LaTeX internals redefined.
Package hyperref Info: Bookmarks ON on input line 4800.
\c@Hy@tempcnt=\count182
(/usr/local/texlive/2020/texmf-dist/tex/latex/url/url.sty
\Urlmuskip=\muskip16
Package: url 2013/09/16  ver 3.4  Verb mode for urls, etc.
)
LaTeX Info: Redefining \url on input line 5159.
\XeTeXLinkMargin=\dimen138
(/usr/local/texlive/2020/texmf-dist/tex/generic/bitset/bitset.sty
Package: bitset 2019/12/09 v1.3 Handle bit-vector datatype (HO)
(/usr/local/texlive/2020/texmf-dist/tex/generic/bigintcalc/bigintcalc.sty
Package: bigintcalc 2019/12/15 v1.5 Expandable calculations on big integers (HO
)
))
\Fld@menulength=\count183
\Field@Width=\dimen139
\Fld@charsize=\dimen140
Package hyperref Info: Hyper figures OFF on input line 6430.
Package hyperref Info: Link nesting OFF on input line 6435.
Package hyperref Info: Hyper index ON on input line 6438.
Package hyperref Info: backreferencing OFF on input line 6445.
Package hyperref Info: Link coloring OFF on input line 6450.
Package hyperref Info: Link coloring with OCG OFF on input line 6455.
Package hyperref Info: PDF/A mode OFF on input line 6460.
LaTeX Info: Redefining \ref on input line 6500.
LaTeX Info: Redefining \pageref on input line 6504.
(/usr/local/texlive/2020/texmf-dist/tex/generic/atbegshi/atbegshi.sty
Package: atbegshi 2019/12/05 v1.19 At begin shipout hook (HO)
)
\Hy@abspage=\count184
\c@Item=\count185
\c@Hfootnote=\count186
)
Package hyperref Info: Driver (autodetected): hpdftex.
(/usr/local/texlive/2020/texmf-dist/tex/latex/hyperref/hpdftex.def
File: hpdftex.def 2020/01/14 v7.00d Hyperref driver for pdfTeX
(/usr/local/texlive/2020/texmf-dist/tex/latex/atveryend/atveryend.sty
Package: atveryend 2019-12-11 v1.11 Hooks at the very end of document (HO)
Package atveryend Info: \enddocument detected (standard20110627).
)
\Fld@listcount=\count187
\c@bookmark@seq@number=\count188

(/usr/local/texlive/2020/texmf-dist/tex/latex/rerunfilecheck/rerunfilecheck.sty
Package: rerunfilecheck 2019/12/05 v1.9 Rerun checks for auxiliary files (HO)

(/usr/local/texlive/2020/texmf-dist/tex/generic/uniquecounter/uniquecounter.sty
Package: uniquecounter 2019/12/15 v1.4 Provide unlimited unique counter (HO)
)
Package uniquecounter Info: New unique counter `rerunfilecheck' on input line 2
86.
)
\Hy@SectionHShift=\skip52
)
\preXLskip=\skip53
\preLskip=\skip54
\preMskip=\skip55
\preSskip=\skip56
\postMskip=\skip57
\postSskip=\skip58

Package hyperref Warning: Option `hyperindex' has already been used,
(hyperref)                setting the option has no effect on input line 466.

Package hyperref Info: Option `colorlinks' set `true' on input line 466.
Package hyperref Info: Option `linktocpage' set `true' on input line 466.
Package hyperref Info: Option `plainpages' set `false' on input line 466.
) (/usr/local/texlive/2020/texmf-dist/tex/latex/base/inputenc.sty
Package: inputenc 2018/08/11 v1.3c Input encoding file
\inpenc@prehook=\toks16
\inpenc@posthook=\toks17
) (/usr/local/texlive/2020/texmf-dist/tex/latex/amsmath/amsmath.sty
Package: amsmath 2020/01/20 v2.17e AMS math features
\@mathmargin=\skip59
For additional information on amsmath, use the `?' option.
(/usr/local/texlive/2020/texmf-dist/tex/latex/amsmath/amstext.sty
Package: amstext 2000/06/29 v2.01 AMS text
(/usr/local/texlive/2020/texmf-dist/tex/latex/amsmath/amsgen.sty
File: amsgen.sty 1999/11/30 v2.0 generic functions
\@emptytoks=\toks18
\ex@=\dimen141
)) (/usr/local/texlive/2020/texmf-dist/tex/latex/amsmath/amsbsy.sty
Package: amsbsy 1999/11/29 v1.2d Bold Symbols
\pmbraise@=\dimen142
) (/usr/local/texlive/2020/texmf-dist/tex/latex/amsmath/amsopn.sty
Package: amsopn 2016/03/08 v2.02 operator names
)
\inf@bad=\count189
LaTeX Info: Redefining \frac on input line 227.
\uproot@=\count190
\leftroot@=\count191
LaTeX Info: Redefining \overline on input line 389.
\classnum@=\count192
\DOTSCASE@=\count193
LaTeX Info: Redefining \ldots on input line 486.
LaTeX Info: Redefining \dots on input line 489.
LaTeX Info: Redefining \cdots on input line 610.
\Mathstrutbox@=\box46
\strutbox@=\box47
\big@size=\dimen143
LaTeX Font Info:    Redeclaring font encoding OML on input line 733.
LaTeX Font Info:    Redeclaring font encoding OMS on input line 734.
\macc@depth=\count194
\c@MaxMatrixCols=\count195
\dotsspace@=\muskip17
\c@parentequation=\count196
\dspbrk@lvl=\count197
\tag@help=\toks19
\row@=\count198
\column@=\count199
\maxfields@=\count266
\andhelp@=\toks20
\eqnshift@=\dimen144
\alignsep@=\dimen145
\tagshift@=\dimen146
\tagwidth@=\dimen147
\totwidth@=\dimen148
\lineht@=\dimen149
\@envbody=\toks21
\multlinegap=\skip60
\multlinetaggap=\skip61
\mathdisplay@stack=\toks22
LaTeX Info: Redefining \[ on input line 2859.
LaTeX Info: Redefining \] on input line 2860.
) (/usr/local/texlive/2020/texmf-dist/tex/latex/l3backend/l3backend-pdfmode.def
File: l3backend-pdfmode.def 2020-03-12 L3 backend support: PDF mode
\l__kernel_color_stack_int=\count267
\l__pdf_internal_box=\box48
) (./listdown-jss.aux)
\openout1 = `listdown-jss.aux'.

LaTeX Font Info:    Checking defaults for OML/cmm/m/it on input line 71.
LaTeX Font Info:    ... okay on input line 71.
LaTeX Font Info:    Checking defaults for OMS/cmsy/m/n on input line 71.
LaTeX Font Info:    ... okay on input line 71.
LaTeX Font Info:    Checking defaults for OT1/cmr/m/n on input line 71.
LaTeX Font Info:    ... okay on input line 71.
LaTeX Font Info:    Checking defaults for T1/cmr/m/n on input line 71.
LaTeX Font Info:    ... okay on input line 71.
LaTeX Font Info:    Checking defaults for TS1/cmr/m/n on input line 71.
LaTeX Font Info:    ... okay on input line 71.
LaTeX Font Info:    Checking defaults for OMX/cmex/m/n on input line 71.
LaTeX Font Info:    ... okay on input line 71.
LaTeX Font Info:    Checking defaults for U/cmr/m/n on input line 71.
LaTeX Font Info:    ... okay on input line 71.
LaTeX Font Info:    Checking defaults for PD1/pdf/m/n on input line 71.
LaTeX Font Info:    ... okay on input line 71.
(/usr/local/texlive/2020/texmf-dist/tex/context/base/mkii/supp-pdf.mkii
[Loading MPS to PDF converter (version 2006.09.02).]
\scratchcounter=\count268
\scratchdimen=\dimen150
\scratchbox=\box49
\nofMPsegments=\count269
\nofMParguments=\count270
\everyMPshowfont=\toks23
\MPscratchCnt=\count271
\MPscratchDim=\dimen151
\MPnumerator=\count272
\makeMPintoPDFobject=\count273
\everyMPtoPDFconversion=\toks24
) (/usr/local/texlive/2020/texmf-dist/tex/latex/epstopdf-pkg/epstopdf-base.sty
Package: epstopdf-base 2020-01-24 v2.11 Base part for package epstopdf
(/usr/local/texlive/2020/texmf-dist/tex/latex/grfext/grfext.sty
Package: grfext 2019/12/03 v1.3 Manage graphics extensions (HO)
)
Package epstopdf-base Info: Redefining graphics rule for `.eps' on input line 4
85.
Package grfext Info: Graphics extension search list:
(grfext)             [.pdf,.png,.jpg,.mps,.jpeg,.jbig2,.jb2,.PDF,.PNG,.JPG,.JPE
G,.JBIG2,.JB2,.eps]
(grfext)             \AppendGraphicsExtensions on input line 504.
(/usr/local/texlive/2020/texmf-dist/tex/latex/latexconfig/epstopdf-sys.cfg
File: epstopdf-sys.cfg 2010/07/13 v1.3 Configuration of (r)epstopdf for TeX Liv
e
))
\AtBeginShipoutBox=\box50
Package hyperref Info: Link coloring ON on input line 71.
(/usr/local/texlive/2020/texmf-dist/tex/latex/hyperref/nameref.sty
Package: nameref 2019/09/16 v2.46 Cross-referencing by name of section
(/usr/local/texlive/2020/texmf-dist/tex/latex/refcount/refcount.sty
Package: refcount 2019/12/15 v3.6 Data extraction from label references (HO)
)
(/usr/local/texlive/2020/texmf-dist/tex/generic/gettitlestring/gettitlestring.s
ty
Package: gettitlestring 2019/12/15 v1.6 Cleanup title references (HO)
)
\c@section@level=\count274
)
LaTeX Info: Redefining \ref on input line 71.
LaTeX Info: Redefining \pageref on input line 71.
LaTeX Info: Redefining \nameref on input line 71.
(./listdown-jss.out) (./listdown-jss.out)
\@outlinefile=\write4
\openout4 = `listdown-jss.out'.

<jsslogo.jpg, id=52, 540.0175pt x 393.47pt>
File: jsslogo.jpg Graphic file (type jpg)
<use jsslogo.jpg>
Package pdftex.def Info: jsslogo.jpg  used on input line 71.
(pdftex.def)             Requested size: 89.80768pt x 65.43607pt.
LaTeX Font Info:    Trying to load font information for T1+pzc on input line 71
.
(/usr/local/texlive/2020/texmf-dist/tex/latex/psnfss/t1pzc.fd
File: t1pzc.fd 2001/06/04 font definitions for T1/pzc.
)
LaTeX Font Info:    Font shape `T1/pzc/m/n' in size <28> not available
(Font)              Font shape `T1/pzc/mb/it' tried instead on input line 71.
LaTeX Font Info:    Trying to load font information for T1+aess on input line 7
1.
(/usr/local/texlive/2020/texmf-dist/tex/latex/ae/t1aess.fd
File: t1aess.fd 1997/11/16 Font definitions for T1/aess.
)
Underfull \vbox (badness 10000) has occurred while \output is active []

[1

{/usr/local/texlive/2020/texmf-var/fonts/map/pdftex/updmap/pdftex.map} <./jsslo
go.jpg>]
Overfull \hbox (5.47499pt too wide) has occurred while \output is active
\T1/aer/m/n/10.95 2 []
 []

[2]
LaTeX Font Info:    Trying to load font information for TS1+aer on input line 1
92.
LaTeX Font Info:    No file TS1aer.fd. on input line 192.

LaTeX Font Warning: Font shape `TS1/aer/m/n' undefined
(Font)              using `TS1/cmr/m/n' instead
(Font)              for symbol `textbullet' on input line 192.


Overfull \hbox (5.47499pt too wide) has occurred while \output is active
[] \T1/aer/m/n/10.95 3
 []

[3]

LaTeX Warning: Reference `cc1' on page 4 undefined on input line 238.

LaTeX Font Info:    Trying to load font information for T1+aett on input line 2
39.
(/usr/local/texlive/2020/texmf-dist/tex/latex/ae/t1aett.fd
File: t1aett.fd 1997/11/16 Font definitions for T1/aett.
)
Package textcomp Info: Symbol \textasciigrave not provided by
(textcomp)             font family aett in TS1 encoding.
(textcomp)             Default family used instead on input line 256.
LaTeX Font Info:    Trying to load font information for T1+cmtt on input line 2
56.
(/usr/local/texlive/2020/texmf-dist/tex/latex/base/t1cmtt.fd
File: t1cmtt.fd 2019/12/16 v2.5j Standard LaTeX font definitions
)
LaTeX Font Info:    Trying to load font information for TS1+cmtt on input line 
256.
(/usr/local/texlive/2020/texmf-dist/tex/latex/base/ts1cmtt.fd
File: ts1cmtt.fd 2019/12/16 v2.5j Standard LaTeX font definitions
)
Package textcomp Info: Symbol \textasciigrave not provided by
(textcomp)             font family aett in TS1 encoding.
(textcomp)             Default family used instead on input line 256.
Package textcomp Info: Symbol \textasciigrave not provided by
(textcomp)             font family aett in TS1 encoding.
(textcomp)             Default family used instead on input line 257.
Package textcomp Info: Symbol \textasciigrave not provided by
(textcomp)             font family aett in TS1 encoding.
(textcomp)             Default family used instead on input line 257.
Package textcomp Info: Symbol \textasciigrave not provided by
(textcomp)             font family aett in TS1 encoding.
(textcomp)             Default family used instead on input line 259.
Package textcomp Info: Symbol \textasciigrave not provided by
(textcomp)             font family aett in TS1 encoding.
(textcomp)             Default family used instead on input line 259.

Overfull \hbox (5.47499pt too wide) has occurred while \output is active
\T1/aer/m/n/10.95 4 []
 []

[4]
Overfull \hbox (5.47499pt too wide) has occurred while \output is active
[] \T1/aer/m/n/10.95 5
 []

[5]
LaTeX Font Info:    Trying to load font information for TS1+aett on input line 
347.
LaTeX Font Info:    No file TS1aett.fd. on input line 347.

LaTeX Font Warning: Font shape `TS1/aett/m/sl' undefined
(Font)              using `TS1/cmr/m/n' instead
(Font)              for symbol `textquotesingle' on input line 347.


LaTeX Font Warning: Font shape `TS1/aett/m/n' undefined
(Font)              using `TS1/cmr/m/n' instead
(Font)              for symbol `textquotesingle' on input line 362.

Package textcomp Info: Symbol \textasciigrave not provided by
(textcomp)             font family aett in TS1 encoding.
(textcomp)             Default family used instead on input line 368.
Package textcomp Info: Symbol \textasciigrave not provided by
(textcomp)             font family aett in TS1 encoding.
(textcomp)             Default family used instead on input line 368.
Package textcomp Info: Symbol \textasciigrave not provided by
(textcomp)             font family aett in TS1 encoding.
(textcomp)             Default family used instead on input line 368.
Package textcomp Info: Symbol \textasciigrave not provided by
(textcomp)             font family aett in TS1 encoding.
(textcomp)             Default family used instead on input line 372.
Package textcomp Info: Symbol \textasciigrave not provided by
(textcomp)             font family aett in TS1 encoding.
(textcomp)             Default family used instead on input line 372.
Package textcomp Info: Symbol \textasciigrave not provided by
(textcomp)             font family aett in TS1 encoding.
(textcomp)             Default family used instead on input line 372.
Package textcomp Info: Symbol \textasciigrave not provided by
(textcomp)             font family aett in TS1 encoding.
(textcomp)             Default family used instead on input line 376.
Package textcomp Info: Symbol \textasciigrave not provided by
(textcomp)             font family aett in TS1 encoding.
(textcomp)             Default family used instead on input line 376.
Package textcomp Info: Symbol \textasciigrave not provided by
(textcomp)             font family aett in TS1 encoding.
(textcomp)             Default family used instead on input line 376.
Package textcomp Info: Symbol \textasciigrave not provided by
(textcomp)             font family aett in TS1 encoding.
(textcomp)             Default family used instead on input line 378.
Package textcomp Info: Symbol \textasciigrave not provided by
(textcomp)             font family aett in TS1 encoding.
(textcomp)             Default family used instead on input line 378.
Package textcomp Info: Symbol \textasciigrave not provided by
(textcomp)             font family aett in TS1 encoding.
(textcomp)             Default family used instead on input line 378.
Package textcomp Info: Symbol \textasciigrave not provided by
(textcomp)             font family aett in TS1 encoding.
(textcomp)             Default family used instead on input line 382.
Package textcomp Info: Symbol \textasciigrave not provided by
(textcomp)             font family aett in TS1 encoding.
(textcomp)             Default family used instead on input line 382.
Package textcomp Info: Symbol \textasciigrave not provided by
(textcomp)             font family aett in TS1 encoding.
(textcomp)             Default family used instead on input line 382.
Package textcomp Info: Symbol \textasciigrave not provided by
(textcomp)             font family aett in TS1 encoding.
(textcomp)             Default family used instead on input line 383.
Package textcomp Info: Symbol \textasciigrave not provided by
(textcomp)             font family aett in TS1 encoding.
(textcomp)             Default family used instead on input line 383.
Package textcomp Info: Symbol \textasciigrave not provided by
(textcomp)             font family aett in TS1 encoding.
(textcomp)             Default family used instead on input line 384.
Package textcomp Info: Symbol \textasciigrave not provided by
(textcomp)             font family aett in TS1 encoding.
(textcomp)             Default family used instead on input line 384.
Package textcomp Info: Symbol \textasciigrave not provided by
(textcomp)             font family aett in TS1 encoding.
(textcomp)             Default family used instead on input line 384.
Package textcomp Info: Symbol \textasciigrave not provided by
(textcomp)             font family aett in TS1 encoding.
(textcomp)             Default family used instead on input line 388.
Package textcomp Info: Symbol \textasciigrave not provided by
(textcomp)             font family aett in TS1 encoding.
(textcomp)             Default family used instead on input line 388.
Package textcomp Info: Symbol \textasciigrave not provided by
(textcomp)             font family aett in TS1 encoding.
(textcomp)             Default family used instead on input line 388.
Package textcomp Info: Symbol \textasciigrave not provided by
(textcomp)             font family aett in TS1 encoding.
(textcomp)             Default family used instead on input line 389.
Package textcomp Info: Symbol \textasciigrave not provided by
(textcomp)             font family aett in TS1 encoding.
(textcomp)             Default family used instead on input line 389.
Package textcomp Info: Symbol \textasciigrave not provided by
(textcomp)             font family aett in TS1 encoding.
(textcomp)             Default family used instead on input line 390.
Package textcomp Info: Symbol \textasciigrave not provided by
(textcomp)             font family aett in TS1 encoding.
(textcomp)             Default family used instead on input line 390.
Package textcomp Info: Symbol \textasciigrave not provided by
(textcomp)             font family aett in TS1 encoding.
(textcomp)             Default family used instead on input line 390.

Overfull \hbox (5.47499pt too wide) has occurred while \output is active
\T1/aer/m/n/10.95 6 []
 []

[6]
Package textcomp Info: Symbol \textasciigrave not provided by
(textcomp)             font family aett in TS1 encoding.
(textcomp)             Default family used instead on input line 394.
Package textcomp Info: Symbol \textasciigrave not provided by
(textcomp)             font family aett in TS1 encoding.
(textcomp)             Default family used instead on input line 394.
Package textcomp Info: Symbol \textasciigrave not provided by
(textcomp)             font family aett in TS1 encoding.
(textcomp)             Default family used instead on input line 394.
Package textcomp Info: Symbol \textasciigrave not provided by
(textcomp)             font family aett in TS1 encoding.
(textcomp)             Default family used instead on input line 395.
Package textcomp Info: Symbol \textasciigrave not provided by
(textcomp)             font family aett in TS1 encoding.
(textcomp)             Default family used instead on input line 395.
Package textcomp Info: Symbol \textasciigrave not provided by
(textcomp)             font family aett in TS1 encoding.
(textcomp)             Default family used instead on input line 396.
Package textcomp Info: Symbol \textasciigrave not provided by
(textcomp)             font family aett in TS1 encoding.
(textcomp)             Default family used instead on input line 396.
Package textcomp Info: Symbol \textasciigrave not provided by
(textcomp)             font family aett in TS1 encoding.
(textcomp)             Default family used instead on input line 396.
Package textcomp Info: Symbol \textasciigrave not provided by
(textcomp)             font family aett in TS1 encoding.
(textcomp)             Default family used instead on input line 421.
Package textcomp Info: Symbol \textasciigrave not provided by
(textcomp)             font family aett in TS1 encoding.
(textcomp)             Default family used instead on input line 421.
Package textcomp Info: Symbol \textasciigrave not provided by
(textcomp)             font family aett in TS1 encoding.
(textcomp)             Default family used instead on input line 421.
Package textcomp Info: Symbol \textasciigrave not provided by
(textcomp)             font family aett in TS1 encoding.
(textcomp)             Default family used instead on input line 425.
Package textcomp Info: Symbol \textasciigrave not provided by
(textcomp)             font family aett in TS1 encoding.
(textcomp)             Default family used instead on input line 425.
Package textcomp Info: Symbol \textasciigrave not provided by
(textcomp)             font family aett in TS1 encoding.
(textcomp)             Default family used instead on input line 425.
Package textcomp Info: Symbol \textasciigrave not provided by
(textcomp)             font family aett in TS1 encoding.
(textcomp)             Default family used instead on input line 453.
Package textcomp Info: Symbol \textasciigrave not provided by
(textcomp)             font family aett in TS1 encoding.
(textcomp)             Default family used instead on input line 453.
Package textcomp Info: Symbol \textasciigrave not provided by
(textcomp)             font family aett in TS1 encoding.
(textcomp)             Default family used instead on input line 453.
Package textcomp Info: Symbol \textasciigrave not provided by
(textcomp)             font family aett in TS1 encoding.
(textcomp)             Default family used instead on input line 454.
Package textcomp Info: Symbol \textasciigrave not provided by
(textcomp)             font family aett in TS1 encoding.
(textcomp)             Default family used instead on input line 454.
Package textcomp Info: Symbol \textasciigrave not provided by
(textcomp)             font family aett in TS1 encoding.
(textcomp)             Default family used instead on input line 454.

Overfull \hbox (5.47499pt too wide) has occurred while \output is active
[] \T1/aer/m/n/10.95 7
 []

[7]
Package textcomp Info: Symbol \textasciigrave not provided by
(textcomp)             font family aett in TS1 encoding.
(textcomp)             Default family used instead on input line 492.
Package textcomp Info: Symbol \textasciigrave not provided by
(textcomp)             font family aett in TS1 encoding.
(textcomp)             Default family used instead on input line 492.
Package textcomp Info: Symbol \textasciigrave not provided by
(textcomp)             font family aett in TS1 encoding.
(textcomp)             Default family used instead on input line 492.
Package textcomp Info: Symbol \textasciigrave not provided by
(textcomp)             font family aett in TS1 encoding.
(textcomp)             Default family used instead on input line 493.
Package textcomp Info: Symbol \textasciigrave not provided by
(textcomp)             font family aett in TS1 encoding.
(textcomp)             Default family used instead on input line 493.
Package textcomp Info: Symbol \textasciigrave not provided by
(textcomp)             font family aett in TS1 encoding.
(textcomp)             Default family used instead on input line 493.

Overfull \hbox (5.47499pt too wide) has occurred while \output is active
\T1/aer/m/n/10.95 8 []
 []

[8]
Overfull \hbox (5.47499pt too wide) has occurred while \output is active
[] \T1/aer/m/n/10.95 9
 []

[9]
Package textcomp Info: Symbol \textasciigrave not provided by
(textcomp)             font family aett in TS1 encoding.
(textcomp)             Default family used instead on input line 621.
Package textcomp Info: Symbol \textasciigrave not provided by
(textcomp)             font family aett in TS1 encoding.
(textcomp)             Default family used instead on input line 621.
Package textcomp Info: Symbol \textasciigrave not provided by
(textcomp)             font family aett in TS1 encoding.
(textcomp)             Default family used instead on input line 621.
Package textcomp Info: Symbol \textasciigrave not provided by
(textcomp)             font family aett in TS1 encoding.
(textcomp)             Default family used instead on input line 629.
Package textcomp Info: Symbol \textasciigrave not provided by
(textcomp)             font family aett in TS1 encoding.
(textcomp)             Default family used instead on input line 629.
Package textcomp Info: Symbol \textasciigrave not provided by
(textcomp)             font family aett in TS1 encoding.
(textcomp)             Default family used instead on input line 629.

Overfull \hbox (10.94998pt too wide) has occurred while \output is active
\T1/aer/m/n/10.95 10 []
 []

[10]
Package textcomp Info: Symbol \textasciigrave not provided by
(textcomp)             font family aett in TS1 encoding.
(textcomp)             Default family used instead on input line 689.
Package textcomp Info: Symbol \textasciigrave not provided by
(textcomp)             font family aett in TS1 encoding.
(textcomp)             Default family used instead on input line 689.
Package textcomp Info: Symbol \textasciigrave not provided by
(textcomp)             font family aett in TS1 encoding.
(textcomp)             Default family used instead on input line 689.
Package textcomp Info: Symbol \textasciigrave not provided by
(textcomp)             font family aett in TS1 encoding.
(textcomp)             Default family used instead on input line 691.
Package textcomp Info: Symbol \textasciigrave not provided by
(textcomp)             font family aett in TS1 encoding.
(textcomp)             Default family used instead on input line 691.
Package textcomp Info: Symbol \textasciigrave not provided by
(textcomp)             font family aett in TS1 encoding.
(textcomp)             Default family used instead on input line 691.
Package textcomp Info: Symbol \textasciigrave not provided by
(textcomp)             font family aett in TS1 encoding.
(textcomp)             Default family used instead on input line 695.
Package textcomp Info: Symbol \textasciigrave not provided by
(textcomp)             font family aett in TS1 encoding.
(textcomp)             Default family used instead on input line 695.
Package textcomp Info: Symbol \textasciigrave not provided by
(textcomp)             font family aett in TS1 encoding.
(textcomp)             Default family used instead on input line 695.
Package textcomp Info: Symbol \textasciigrave not provided by
(textcomp)             font family aett in TS1 encoding.
(textcomp)             Default family used instead on input line 697.
Package textcomp Info: Symbol \textasciigrave not provided by
(textcomp)             font family aett in TS1 encoding.
(textcomp)             Default family used instead on input line 697.
Package textcomp Info: Symbol \textasciigrave not provided by
(textcomp)             font family aett in TS1 encoding.
(textcomp)             Default family used instead on input line 697.

Overfull \hbox (10.94998pt too wide) has occurred while \output is active
[] \T1/aer/m/n/10.95 11
 []

[11]
Package textcomp Info: Symbol \textasciigrave not provided by
(textcomp)             font family aett in TS1 encoding.
(textcomp)             Default family used instead on input line 731.
Package textcomp Info: Symbol \textasciigrave not provided by
(textcomp)             font family aett in TS1 encoding.
(textcomp)             Default family used instead on input line 731.
Package textcomp Info: Symbol \textasciigrave not provided by
(textcomp)             font family aett in TS1 encoding.
(textcomp)             Default family used instead on input line 731.
Package textcomp Info: Symbol \textasciigrave not provided by
(textcomp)             font family aett in TS1 encoding.
(textcomp)             Default family used instead on input line 732.
Package textcomp Info: Symbol \textasciigrave not provided by
(textcomp)             font family aett in TS1 encoding.
(textcomp)             Default family used instead on input line 732.
Package textcomp Info: Symbol \textasciigrave not provided by
(textcomp)             font family aett in TS1 encoding.
(textcomp)             Default family used instead on input line 732.

Overfull \hbox (10.94998pt too wide) has occurred while \output is active
\T1/aer/m/n/10.95 12 []
 []

[12]
Package textcomp Info: Symbol \textasciigrave not provided by
(textcomp)             font family aett in TS1 encoding.
(textcomp)             Default family used instead on input line 793.
Package textcomp Info: Symbol \textasciigrave not provided by
(textcomp)             font family aett in TS1 encoding.
(textcomp)             Default family used instead on input line 793.
Package textcomp Info: Symbol \textasciigrave not provided by
(textcomp)             font family aett in TS1 encoding.
(textcomp)             Default family used instead on input line 793.
Package textcomp Info: Symbol \textasciigrave not provided by
(textcomp)             font family aett in TS1 encoding.
(textcomp)             Default family used instead on input line 793.
Package textcomp Info: Symbol \textasciigrave not provided by
(textcomp)             font family aett in TS1 encoding.
(textcomp)             Default family used instead on input line 828.
Package textcomp Info: Symbol \textasciigrave not provided by
(textcomp)             font family aett in TS1 encoding.
(textcomp)             Default family used instead on input line 828.
Package textcomp Info: Symbol \textasciigrave not provided by
(textcomp)             font family aett in TS1 encoding.
(textcomp)             Default family used instead on input line 829.
Package textcomp Info: Symbol \textasciigrave not provided by
(textcomp)             font family aett in TS1 encoding.
(textcomp)             Default family used instead on input line 829.
Package textcomp Info: Symbol \textasciigrave not provided by
(textcomp)             font family aett in TS1 encoding.
(textcomp)             Default family used instead on input line 830.
Package textcomp Info: Symbol \textasciigrave not provided by
(textcomp)             font family aett in TS1 encoding.
(textcomp)             Default family used instead on input line 830.
Package textcomp Info: Symbol \textasciigrave not provided by
(textcomp)             font family aett in TS1 encoding.
(textcomp)             Default family used instead on input line 832.
Package textcomp Info: Symbol \textasciigrave not provided by
(textcomp)             font family aett in TS1 encoding.
(textcomp)             Default family used instead on input line 832.
Package textcomp Info: Symbol \textasciigrave not provided by
(textcomp)             font family aett in TS1 encoding.
(textcomp)             Default family used instead on input line 833.
Package textcomp Info: Symbol \textasciigrave not provided by
(textcomp)             font family aett in TS1 encoding.
(textcomp)             Default family used instead on input line 833.

Overfull \hbox (10.94998pt too wide) has occurred while \output is active
[] \T1/aer/m/n/10.95 13
 []

[13]
Package textcomp Info: Symbol \textasciigrave not provided by
(textcomp)             font family aett in TS1 encoding.
(textcomp)             Default family used instead on input line 835.
Package textcomp Info: Symbol \textasciigrave not provided by
(textcomp)             font family aett in TS1 encoding.
(textcomp)             Default family used instead on input line 835.
Package textcomp Info: Symbol \textasciigrave not provided by
(textcomp)             font family aett in TS1 encoding.
(textcomp)             Default family used instead on input line 835.
Package textcomp Info: Symbol \textasciigrave not provided by
(textcomp)             font family aett in TS1 encoding.
(textcomp)             Default family used instead on input line 835.
Package textcomp Info: Symbol \textasciigrave not provided by
(textcomp)             font family aett in TS1 encoding.
(textcomp)             Default family used instead on input line 836.
Package textcomp Info: Symbol \textasciigrave not provided by
(textcomp)             font family aett in TS1 encoding.
(textcomp)             Default family used instead on input line 836.
Package textcomp Info: Symbol \textasciigrave not provided by
(textcomp)             font family aett in TS1 encoding.
(textcomp)             Default family used instead on input line 836.
Package textcomp Info: Symbol \textasciigrave not provided by
(textcomp)             font family aett in TS1 encoding.
(textcomp)             Default family used instead on input line 836.
Package textcomp Info: Symbol \textasciigrave not provided by
(textcomp)             font family aett in TS1 encoding.
(textcomp)             Default family used instead on input line 837.
Package textcomp Info: Symbol \textasciigrave not provided by
(textcomp)             font family aett in TS1 encoding.
(textcomp)             Default family used instead on input line 837.
Package textcomp Info: Symbol \textasciigrave not provided by
(textcomp)             font family aett in TS1 encoding.
(textcomp)             Default family used instead on input line 837.
Package textcomp Info: Symbol \textasciigrave not provided by
(textcomp)             font family aett in TS1 encoding.
(textcomp)             Default family used instead on input line 837.

Overfull \hbox (10.94998pt too wide) has occurred while \output is active
\T1/aer/m/n/10.95 14 []
 []

[14] (./listdown-jss.bbl)
Underfull \hbox (badness 10000) in paragraph at lines 902--902

 []


Overfull \hbox (10.94998pt too wide) has occurred while \output is active
[] \T1/aer/m/n/10.95 15
 []

[15]
Underfull \hbox (badness 10000) in paragraph at lines 902--902

 []


Underfull \hbox (badness 10000) in paragraph at lines 902--902

 []

LaTeX Font Info:    Font shape `T1/pzc/m/n' in size <13> not available
(Font)              Font shape `T1/pzc/mb/it' tried instead on input line 902.
Package atveryend Info: Empty hook `BeforeClearDocument' on input line 902.

Overfull \hbox (10.94998pt too wide) has occurred while \output is active
\T1/aer/m/n/10.95 16 []
 []

[16]
Package atveryend Info: Empty hook `AfterLastShipout' on input line 902.
(./listdown-jss.aux)
Package atveryend Info: Executing hook `AtVeryEndDocument' on input line 902.
Package atveryend Info: Executing hook `AtEndAfterFileList' on input line 902.
Package rerunfilecheck Info: File `listdown-jss.out' has not changed.
(rerunfilecheck)             Checksum: 4FCA13A8F3B9C5C572CD2F3E8ABCEE4C;1269.

LaTeX Font Warning: Some font shapes were not available, defaults substituted.


LaTeX Warning: There were undefined references.

Package atveryend Info: Empty hook `AtVeryVeryEnd' on input line 902.
 ) 
Here is how much of TeX's memory you used:
 7326 strings out of 480608
 109666 string characters out of 5903631
 377564 words of memory out of 5000000
 22956 multiletter control sequences out of 15000+600000
 576507 words of font info for 97 fonts, out of 8000000 for 9000
 1141 hyphenation exceptions out of 8191
 42i,9n,38p,266b,486s stack positions out of 5000i,500n,10000p,200000b,80000s
{/usr/local/texlive/2020/texmf-dist/fonts/enc/dvips/cm-super/cm-super-ts1.enc
}{/usr/local/texlive/2020/texmf-dist/fonts/enc/dvips/base/8r.enc}</usr/local/te
xlive/2020/texmf-dist/fonts/type1/public/amsfonts/cm/cmb10.pfb></usr/local/texl
ive/2020/texmf-dist/fonts/type1/public/amsfonts/cm/cmr10.pfb></usr/local/texliv
e/2020/texmf-dist/fonts/type1/public/amsfonts/cm/cmr8.pfb></usr/local/texlive/2
020/texmf-dist/fonts/type1/public/amsfonts/cm/cmsl10.pfb></usr/local/texlive/20
20/texmf-dist/fonts/type1/public/amsfonts/cm/cmsltt10.pfb></usr/local/texlive/2
020/texmf-dist/fonts/type1/public/amsfonts/cm/cmss10.pfb></usr/local/texlive/20
20/texmf-dist/fonts/type1/public/amsfonts/cm/cmsy10.pfb></usr/local/texlive/202
0/texmf-dist/fonts/type1/public/amsfonts/cm/cmti10.pfb></usr/local/texlive/2020
/texmf-dist/fonts/type1/public/amsfonts/cm/cmtt10.pfb></usr/local/texlive/2020/
texmf-dist/fonts/type1/public/cm-super/sfrm1095.pfb></usr/local/texlive/2020/te
xmf-dist/fonts/type1/public/cm-super/sfst1095.pfb></usr/local/texlive/2020/texm
f-dist/fonts/type1/public/cm-super/sftt1095.pfb></usr/local/texlive/2020/texmf-
dist/fonts/type1/urw/zapfchan/uzcmi8a.pfb>
Output written on listdown-jss.pdf (16 pages, 254708 bytes).
PDF statistics:
 275 PDF objects out of 1000 (max. 8388607)
 240 compressed objects within 3 object streams
 65 named destinations out of 1000 (max. 500000)
 102 words of extra memory for PDF output out of 10000 (max. 10000000)

